13:37:59 **** Incremental Build of configuration Default for project vlc2 ****
make all 
make  all-recursive
make[1]: Entering directory `/home/khalid/Documents/project/vlc2'
Making all in compat
make[2]: Entering directory `/home/khalid/Documents/project/vlc2/compat'
make  all-am
make[3]: Entering directory `/home/khalid/Documents/project/vlc2/compat'
make[3]: Nothing to be done for `all-am'.
make[3]: Leaving directory `/home/khalid/Documents/project/vlc2/compat'
make[2]: Leaving directory `/home/khalid/Documents/project/vlc2/compat'
Making all in doc
make[2]: Entering directory `/home/khalid/Documents/project/vlc2/doc'
make[2]: Nothing to be done for `all'.
make[2]: Leaving directory `/home/khalid/Documents/project/vlc2/doc'
Making all in po
make[2]: Entering directory `/home/khalid/Documents/project/vlc2/po'
make[2]: Nothing to be done for `all'.
make[2]: Leaving directory `/home/khalid/Documents/project/vlc2/po'
Making all in share
make[2]: Entering directory `/home/khalid/Documents/project/vlc2/share'
make[2]: Nothing to be done for `all'.
make[2]: Leaving directory `/home/khalid/Documents/project/vlc2/share'
Making all in src
make[2]: Entering directory `/home/khalid/Documents/project/vlc2/src'
  GEN      stamp-revision
fatal: Not a git repository: '../.git/'
make  all-am
make[3]: Entering directory `/home/khalid/Documents/project/vlc2/src'
make[3]: Nothing to be done for `all-am'.
make[3]: Leaving directory `/home/khalid/Documents/project/vlc2/src'
make[2]: Leaving directory `/home/khalid/Documents/project/vlc2/src'
Making all in modules
make[2]: Entering directory `/home/khalid/Documents/project/vlc2/modules'
make  all-recursive
make[3]: Entering directory `/home/khalid/Documents/project/vlc2/modules'
Making all in .
make[4]: Entering directory `/home/khalid/Documents/project/vlc2/modules'
make[4]: Nothing to be done for `all-am'.
make[4]: Leaving directory `/home/khalid/Documents/project/vlc2/modules'
Making all in gui/macosx
make[4]: Entering directory `/home/khalid/Documents/project/vlc2/modules/gui/macosx'
make  all-am
make[5]: Entering directory `/home/khalid/Documents/project/vlc2/modules/gui/macosx'
make[5]: Nothing to be done for `all-am'.
make[5]: Leaving directory `/home/khalid/Documents/project/vlc2/modules/gui/macosx'
make[4]: Leaving directory `/home/khalid/Documents/project/vlc2/modules/gui/macosx'
Making all in gui/qt4
make[4]: Entering directory `/home/khalid/Documents/project/vlc2/modules/gui/qt4'
make  all-am
make[5]: Entering directory `/home/khalid/Documents/project/vlc2/modules/gui/qt4'
make[5]: Nothing to be done for `all-am'.
make[5]: Leaving directory `/home/khalid/Documents/project/vlc2/modules/gui/qt4'
make[4]: Leaving directory `/home/khalid/Documents/project/vlc2/modules/gui/qt4'
Making all in gui/skins2
make[4]: Entering directory `/home/khalid/Documents/project/vlc2/modules/gui/skins2'
make  all-am
make[5]: Entering directory `/home/khalid/Documents/project/vlc2/modules/gui/skins2'
make[5]: Nothing to be done for `all-am'.
make[5]: Leaving directory `/home/khalid/Documents/project/vlc2/modules/gui/skins2'
make[4]: Leaving directory `/home/khalid/Documents/project/vlc2/modules/gui/skins2'
make[3]: Leaving directory `/home/khalid/Documents/project/vlc2/modules'
make[2]: Leaving directory `/home/khalid/Documents/project/vlc2/modules'
Making all in lib
make[2]: Entering directory `/home/khalid/Documents/project/vlc2/lib'
make  all-am
make[3]: Entering directory `/home/khalid/Documents/project/vlc2/lib'
make[3]: Nothing to be done for `all-am'.
make[3]: Leaving directory `/home/khalid/Documents/project/vlc2/lib'
make[2]: Leaving directory `/home/khalid/Documents/project/vlc2/lib'
Making all in bin
make[2]: Entering directory `/home/khalid/Documents/project/vlc2/bin'
  GEN      ../modules/plugins.dat
make[2]: Leaving directory `/home/khalid/Documents/project/vlc2/bin'
Making all in test
make[2]: Entering directory `/home/khalid/Documents/project/vlc2/test'
make[2]: Nothing to be done for `all'.
make[2]: Leaving directory `/home/khalid/Documents/project/vlc2/test'
make[2]: Entering directory `/home/khalid/Documents/project/vlc2'
make[2]: Leaving directory `/home/khalid/Documents/project/vlc2'
make[1]: Leaving directory `/home/khalid/Documents/project/vlc2'

13:38:03 Build Finished (took 3s.683ms)

